# JRE version: OpenJDK Runtime Environment (8.0_242-b01) (build 1.8.0_242-release-1644-b01)
# Java VM: OpenJDK 64-Bit Server VM (25.242-b01 mixed mode windows-amd64 compressed oops)
Heap:
 PSYoungGen      total 70656K, used 21162K [0x00000000d6100000, 0x00000000dab00000, 0x0000000100000000)
  eden space 65536K, 32% used [0x00000000d6100000,0x00000000d75aa9a0,0x00000000da100000)
  from space 5120K, 0% used [0x00000000da100000,0x00000000da100000,0x00000000da600000)
  to   space 5120K, 0% used [0x00000000da600000,0x00000000da600000,0x00000000dab00000)
 ParOldGen       total 60416K, used 13038K [0x0000000082200000, 0x0000000085d00000, 0x00000000d6100000)
  object space 60416K, 21% used [0x0000000082200000,0x0000000082ebbb10,0x0000000085d00000)
 Metaspace       used 21356K, capacity 21784K, committed 21936K, reserved 1069056K
  class space    used 2573K, capacity 2724K, committed 2816K, reserved 1048576K
GC Heap History (10 events):
Event: 0.570 GC heap before
{Heap before GC invocations=1 (full 0):
 PSYoungGen      total 37888K, used 32768K [0x00000000d6100000, 0x00000000d8b00000, 0x0000000100000000)
  eden space 32768K, 100% used [0x00000000d6100000,0x00000000d8100000,0x00000000d8100000)
  from space 5120K, 0% used [0x00000000d8600000,0x00000000d8600000,0x00000000d8b00000)
  to   space 5120K, 0% used [0x00000000d8100000,0x00000000d8100000,0x00000000d8600000)
 ParOldGen       total 86016K, used 0K [0x0000000082200000, 0x0000000087600000, 0x00000000d6100000)
  object space 86016K, 0% used [0x0000000082200000,0x0000000082200000,0x0000000087600000)
 Metaspace       used 10049K, capacity 10204K, committed 10368K, reserved 1058816K
  class space    used 1097K, capacity 1148K, committed 1152K, reserved 1048576K
Event: 0.577 GC heap after
Heap after GC invocations=1 (full 0):
 PSYoungGen      total 37888K, used 5110K [0x00000000d6100000, 0x00000000dab00000, 0x0000000100000000)
  eden space 32768K, 0% used [0x00000000d6100000,0x00000000d6100000,0x00000000d8100000)
  from space 5120K, 99% used [0x00000000d8100000,0x00000000d85fd850,0x00000000d8600000)
  to   space 5120K, 0% used [0x00000000da600000,0x00000000da600000,0x00000000dab00000)
 ParOldGen       total 86016K, used 2529K [0x0000000082200000, 0x0000000087600000, 0x00000000d6100000)
  object space 86016K, 2% used [0x0000000082200000,0x0000000082478638,0x0000000087600000)
 Metaspace       used 10049K, capacity 10204K, committed 10368K, reserved 1058816K
  class space    used 1097K, capacity 1148K, committed 1152K, reserved 1048576K
}
Event: 0.729 GC heap before
{Heap before GC invocations=2 (full 0):
 PSYoungGen      total 37888K, used 17884K [0x00000000d6100000, 0x00000000dab00000, 0x0000000100000000)
  eden space 32768K, 38% used [0x00000000d6100000,0x00000000d6d79ae0,0x00000000d8100000)
  from space 5120K, 99% used [0x00000000d8100000,0x00000000d85fd850,0x00000000d8600000)
  to   space 5120K, 0% used [0x00000000da600000,0x00000000da600000,0x00000000dab00000)
 ParOldGen       total 86016K, used 2529K [0x0000000082200000, 0x0000000087600000, 0x00000000d6100000)
  object space 86016K, 2% used [0x0000000082200000,0x0000000082478638,0x0000000087600000)
 Metaspace       used 11369K, capacity 11580K, committed 11648K, reserved 1062912K
  class space    used 1258K, capacity 1356K, committed 1408K, reserved 1048576K
Event: 0.734 GC heap after
Heap after GC invocations=2 (full 0):
 PSYoungGen      total 70656K, used 5115K [0x00000000d6100000, 0x00000000dab00000, 0x0000000100000000)
  eden space 65536K, 0% used [0x00000000d6100000,0x00000000d6100000,0x00000000da100000)
  from space 5120K, 99% used [0x00000000da600000,0x00000000daafefc0,0x00000000dab00000)
  to   space 5120K, 0% used [0x00000000da100000,0x00000000da100000,0x00000000da600000)
 ParOldGen       total 86016K, used 2784K [0x0000000082200000, 0x0000000087600000, 0x00000000d6100000)
  object space 86016K, 3% used [0x0000000082200000,0x00000000824b82b0,0x0000000087600000)
 Metaspace       used 11369K, capacity 11580K, committed 11648K, reserved 1062912K
  class space    used 1258K, capacity 1356K, committed 1408K, reserved 1048576K
}
Event: 0.734 GC heap before
{Heap before GC invocations=3 (full 1):
 PSYoungGen      total 70656K, used 5115K [0x00000000d6100000, 0x00000000dab00000, 0x0000000100000000)
  eden space 65536K, 0% used [0x00000000d6100000,0x00000000d6100000,0x00000000da100000)
  from space 5120K, 99% used [0x00000000da600000,0x00000000daafefc0,0x00000000dab00000)
  to   space 5120K, 0% used [0x00000000da100000,0x00000000da100000,0x00000000da600000)
 ParOldGen       total 86016K, used 2784K [0x0000000082200000, 0x0000000087600000, 0x00000000d6100000)
  object space 86016K, 3% used [0x0000000082200000,0x00000000824b82b0,0x0000000087600000)
 Metaspace       used 11369K, capacity 11580K, committed 11648K, reserved 1062912K
  class space    used 1258K, capacity 1356K, committed 1408K, reserved 1048576K
Event: 0.753 GC heap after
Heap after GC invocations=3 (full 1):
 PSYoungGen      total 70656K, used 0K [0x00000000d6100000, 0x00000000dab00000, 0x0000000100000000)
  eden space 65536K, 0% used [0x00000000d6100000,0x00000000d6100000,0x00000000da100000)
  from space 5120K, 0% used [0x00000000da600000,0x00000000da600000,0x00000000dab00000)
  to   space 5120K, 0% used [0x00000000da100000,0x00000000da100000,0x00000000da600000)
 ParOldGen       total 60416K, used 5183K [0x0000000082200000, 0x0000000085d00000, 0x00000000d6100000)
  object space 60416K, 8% used [0x0000000082200000,0x000000008270fff0,0x0000000085d00000)
 Metaspace       used 11369K, capacity 11580K, committed 11648K, reserved 1060864K
  class space    used 1258K, capacity 1356K, committed 1408K, reserved 1048576K
}
Event: 1.314 GC heap before
{Heap before GC invocations=4 (full 1):
 PSYoungGen      total 70656K, used 40730K [0x00000000d6100000, 0x00000000dab00000, 0x0000000100000000)
  eden space 65536K, 62% used [0x00000000d6100000,0x00000000d88c6a68,0x00000000da100000)
  from space 5120K, 0% used [0x00000000da600000,0x00000000da600000,0x00000000dab00000)
  to   space 5120K, 0% used [0x00000000da100000,0x00000000da100000,0x00000000da600000)
 ParOldGen       total 60416K, used 5183K [0x0000000082200000, 0x0000000085d00000, 0x00000000d6100000)
  object space 60416K, 8% used [0x0000000082200000,0x000000008270fff0,0x0000000085d00000)
 Metaspace       used 20817K, capacity 21188K, committed 21296K, reserved 1069056K
  class space    used 2506K, capacity 2658K, committed 2688K, reserved 1048576K
Event: 1.321 GC heap after
Heap after GC invocations=4 (full 1):
 PSYoungGen      total 70656K, used 5106K [0x00000000d6100000, 0x00000000dab00000, 0x0000000100000000)
  eden space 65536K, 0% used [0x00000000d6100000,0x00000000d6100000,0x00000000da100000)
  from space 5120K, 99% used [0x00000000da100000,0x00000000da5fca08,0x00000000da600000)
  to   space 5120K, 0% used [0x00000000da600000,0x00000000da600000,0x00000000dab00000)
 ParOldGen       total 60416K, used 9578K [0x0000000082200000, 0x0000000085d00000, 0x00000000d6100000)
  object space 60416K, 15% used [0x0000000082200000,0x0000000082b5a800,0x0000000085d00000)
 Metaspace       used 20817K, capacity 21188K, committed 21296K, reserved 1069056K
  class space    used 2506K, capacity 2658K, committed 2688K, reserved 1048576K
}
Event: 1.321 GC heap before
{Heap before GC invocations=5 (full 2):
 PSYoungGen      total 70656K, used 5106K [0x00000000d6100000, 0x00000000dab00000, 0x0000000100000000)
  eden space 65536K, 0% used [0x00000000d6100000,0x00000000d6100000,0x00000000da100000)
  from space 5120K, 99% used [0x00000000da100000,0x00000000da5fca08,0x00000000da600000)
  to   space 5120K, 0% used [0x00000000da600000,0x00000000da600000,0x00000000dab00000)
 ParOldGen       total 60416K, used 9578K [0x0000000082200000, 0x0000000085d00000, 0x00000000d6100000)
  object space 60416K, 15% used [0x0000000082200000,0x0000000082b5a800,0x0000000085d00000)
 Metaspace       used 20817K, capacity 21188K, committed 21296K, reserved 1069056K
  class space    used 2506K, capacity 2658K, committed 2688K, reserved 1048576K
Event: 1.365 GC heap after
Heap after GC invocations=5 (full 2):
 PSYoungGen      total 70656K, used 0K [0x00000000d6100000, 0x00000000dab00000, 0x0000000100000000)
  eden space 65536K, 0% used [0x00000000d6100000,0x00000000d6100000,0x00000000da100000)
  from space 5120K, 0% used [0x00000000da100000,0x00000000da100000,0x00000000da600000)
  to   space 5120K, 0% used [0x00000000da600000,0x00000000da600000,0x00000000dab00000)
 ParOldGen       total 60416K, used 13038K [0x0000000082200000, 0x0000000085d00000, 0x00000000d6100000)
  object space 60416K, 21% used [0x0000000082200000,0x0000000082ebbb10,0x0000000085d00000)
 Metaspace       used 20817K, capacity 21188K, committed 21296K, reserved 1069056K
  class space    used 2506K, capacity 2658K, committed 2688K, reserved 1048576K
}

