# JRE version: OpenJDK Runtime Environment (8.0_242-b01) (build 1.8.0_242-release-1644-b01)
# Java VM: OpenJDK 64-Bit Server VM (25.242-b01 mixed mode windows-amd64 compressed oops)
Heap:
 PSYoungGen      total 70656K, used 52861K [0x00000000d6100000, 0x00000000dab00000, 0x0000000100000000)
  eden space 65536K, 80% used [0x00000000d6100000,0x00000000d949f710,0x00000000da100000)
  from space 5120K, 0% used [0x00000000da100000,0x00000000da100000,0x00000000da600000)
  to   space 5120K, 0% used [0x00000000da600000,0x00000000da600000,0x00000000dab00000)
 ParOldGen       total 65024K, used 9244K [0x0000000082200000, 0x0000000086180000, 0x00000000d6100000)
  object space 65024K, 14% used [0x0000000082200000,0x0000000082b07088,0x0000000086180000)
 Metaspace       used 27048K, capacity 27490K, committed 27776K, reserved 1073152K
  class space    used 3277K, capacity 3401K, committed 3456K, reserved 1048576K
GC Heap History (8 events):
Event: 0.547 GC heap before
{Heap before GC invocations=1 (full 0):
 PSYoungGen      total 37888K, used 32768K [0x00000000d6100000, 0x00000000d8b00000, 0x0000000100000000)
  eden space 32768K, 100% used [0x00000000d6100000,0x00000000d8100000,0x00000000d8100000)
  from space 5120K, 0% used [0x00000000d8600000,0x00000000d8600000,0x00000000d8b00000)
  to   space 5120K, 0% used [0x00000000d8100000,0x00000000d8100000,0x00000000d8600000)
 ParOldGen       total 86016K, used 0K [0x0000000082200000, 0x0000000087600000, 0x00000000d6100000)
  object space 86016K, 0% used [0x0000000082200000,0x0000000082200000,0x0000000087600000)
 Metaspace       used 10038K, capacity 10204K, committed 10368K, reserved 1058816K
  class space    used 1097K, capacity 1148K, committed 1152K, reserved 1048576K
Event: 0.553 GC heap after
Heap after GC invocations=1 (full 0):
 PSYoungGen      total 37888K, used 5092K [0x00000000d6100000, 0x00000000dab00000, 0x0000000100000000)
  eden space 32768K, 0% used [0x00000000d6100000,0x00000000d6100000,0x00000000d8100000)
  from space 5120K, 99% used [0x00000000d8100000,0x00000000d85f91f0,0x00000000d8600000)
  to   space 5120K, 0% used [0x00000000da600000,0x00000000da600000,0x00000000dab00000)
 ParOldGen       total 86016K, used 2553K [0x0000000082200000, 0x0000000087600000, 0x00000000d6100000)
  object space 86016K, 2% used [0x0000000082200000,0x000000008247e768,0x0000000087600000)
 Metaspace       used 10038K, capacity 10204K, committed 10368K, reserved 1058816K
  class space    used 1097K, capacity 1148K, committed 1152K, reserved 1048576K
}
Event: 0.947 GC heap before
{Heap before GC invocations=2 (full 0):
 PSYoungGen      total 37888K, used 37860K [0x00000000d6100000, 0x00000000dab00000, 0x0000000100000000)
  eden space 32768K, 100% used [0x00000000d6100000,0x00000000d8100000,0x00000000d8100000)
  from space 5120K, 99% used [0x00000000d8100000,0x00000000d85f91f0,0x00000000d8600000)
  to   space 5120K, 0% used [0x00000000da600000,0x00000000da600000,0x00000000dab00000)
 ParOldGen       total 86016K, used 2553K [0x0000000082200000, 0x0000000087600000, 0x00000000d6100000)
  object space 86016K, 2% used [0x0000000082200000,0x000000008247e768,0x0000000087600000)
 Metaspace       used 15681K, capacity 15950K, committed 16128K, reserved 1062912K
  class space    used 1833K, capacity 1939K, committed 2048K, reserved 1048576K
Event: 0.955 GC heap after
Heap after GC invocations=2 (full 0):
 PSYoungGen      total 70656K, used 5104K [0x00000000d6100000, 0x00000000dab00000, 0x0000000100000000)
  eden space 65536K, 0% used [0x00000000d6100000,0x00000000d6100000,0x00000000da100000)
  from space 5120K, 99% used [0x00000000da600000,0x00000000daafc010,0x00000000dab00000)
  to   space 5120K, 0% used [0x00000000da100000,0x00000000da100000,0x00000000da600000)
 ParOldGen       total 86016K, used 7452K [0x0000000082200000, 0x0000000087600000, 0x00000000d6100000)
  object space 86016K, 8% used [0x0000000082200000,0x00000000829473d8,0x0000000087600000)
 Metaspace       used 15681K, capacity 15950K, committed 16128K, reserved 1062912K
  class space    used 1833K, capacity 1939K, committed 2048K, reserved 1048576K
}
Event: 1.227 GC heap before
{Heap before GC invocations=3 (full 0):
 PSYoungGen      total 70656K, used 26504K [0x00000000d6100000, 0x00000000dab00000, 0x0000000100000000)
  eden space 65536K, 32% used [0x00000000d6100000,0x00000000d75e6218,0x00000000da100000)
  from space 5120K, 99% used [0x00000000da600000,0x00000000daafc010,0x00000000dab00000)
  to   space 5120K, 0% used [0x00000000da100000,0x00000000da100000,0x00000000da600000)
 ParOldGen       total 86016K, used 7452K [0x0000000082200000, 0x0000000087600000, 0x00000000d6100000)
  object space 86016K, 8% used [0x0000000082200000,0x00000000829473d8,0x0000000087600000)
 Metaspace       used 20807K, capacity 21168K, committed 21296K, reserved 1069056K
  class space    used 2490K, capacity 2626K, committed 2688K, reserved 1048576K
Event: 1.234 GC heap after
Heap after GC invocations=3 (full 0):
 PSYoungGen      total 70656K, used 5120K [0x00000000d6100000, 0x00000000dab00000, 0x0000000100000000)
  eden space 65536K, 0% used [0x00000000d6100000,0x00000000d6100000,0x00000000da100000)
  from space 5120K, 100% used [0x00000000da100000,0x00000000da600000,0x00000000da600000)
  to   space 5120K, 0% used [0x00000000da600000,0x00000000da600000,0x00000000dab00000)
 ParOldGen       total 86016K, used 11749K [0x0000000082200000, 0x0000000087600000, 0x00000000d6100000)
  object space 86016K, 13% used [0x0000000082200000,0x0000000082d794a0,0x0000000087600000)
 Metaspace       used 20807K, capacity 21168K, committed 21296K, reserved 1069056K
  class space    used 2490K, capacity 2626K, committed 2688K, reserved 1048576K
}
Event: 1.234 GC heap before
{Heap before GC invocations=4 (full 1):
 PSYoungGen      total 70656K, used 5120K [0x00000000d6100000, 0x00000000dab00000, 0x0000000100000000)
  eden space 65536K, 0% used [0x00000000d6100000,0x00000000d6100000,0x00000000da100000)
  from space 5120K, 100% used [0x00000000da100000,0x00000000da600000,0x00000000da600000)
  to   space 5120K, 0% used [0x00000000da600000,0x00000000da600000,0x00000000dab00000)
 ParOldGen       total 86016K, used 11749K [0x0000000082200000, 0x0000000087600000, 0x00000000d6100000)
  object space 86016K, 13% used [0x0000000082200000,0x0000000082d794a0,0x0000000087600000)
 Metaspace       used 20807K, capacity 21168K, committed 21296K, reserved 1069056K
  class space    used 2490K, capacity 2626K, committed 2688K, reserved 1048576K
Event: 1.259 GC heap after
Heap after GC invocations=4 (full 1):
 PSYoungGen      total 70656K, used 0K [0x00000000d6100000, 0x00000000dab00000, 0x0000000100000000)
  eden space 65536K, 0% used [0x00000000d6100000,0x00000000d6100000,0x00000000da100000)
  from space 5120K, 0% used [0x00000000da100000,0x00000000da100000,0x00000000da600000)
  to   space 5120K, 0% used [0x00000000da600000,0x00000000da600000,0x00000000dab00000)
 ParOldGen       total 65024K, used 9244K [0x0000000082200000, 0x0000000086180000, 0x00000000d6100000)
  object space 65024K, 14% used [0x0000000082200000,0x0000000082b07088,0x0000000086180000)
 Metaspace       used 20807K, capacity 21168K, committed 21296K, reserved 1069056K
  class space    used 2490K, capacity 2626K, committed 2688K, reserved 1048576K
}

